<?xml version="1.0" encoding="UTF-8"?>
<!-- Generated by org.testng.reporters.JUnitReportReporter -->
<testsuite hostname="DESKTOP-455KKI0" failures="0" tests="4" name="RahulShettyAcademy.Tests.StandAloneTest" time="39.126" errors="0" timestamp="2024-07-22T14:28:09 EEST" skipped="0">
  <testcase classname="RahulShettyAcademy.Tests.StandAloneTest" name="FirstTest" time="9.822"/>
  <testcase classname="RahulShettyAcademy.Tests.StandAloneTest" name="FirstTest" time="15.691"/>
  <testcase classname="RahulShettyAcademy.Tests.StandAloneTest" name="orderHistoryTest" time="8.163"/>
  <testcase classname="RahulShettyAcademy.Tests.StandAloneTest" name="orderHistoryTest" time="5.450"/>
</testsuite> <!-- RahulShettyAcademy.Tests.StandAloneTest -->
