<?xml version="1.0" encoding="UTF-8"?>
<!-- Generated by org.testng.reporters.JUnitReportReporter -->
<testsuite hostname="DESKTOP-455KKI0" failures="0" tests="2" name="RahulShettyAcademy.Tests.StandAloneTest" time="24.696" errors="0" timestamp="2024-05-24T16:35:43 EET" skipped="0">
  <testcase classname="RahulShettyAcademy.Tests.StandAloneTest" name="FirstTest" time="14.198"/>
  <testcase classname="RahulShettyAcademy.Tests.StandAloneTest" name="FirstTest" time="10.498"/>
</testsuite> <!-- RahulShettyAcademy.Tests.StandAloneTest -->
