<?xml version="1.0" encoding="UTF-8"?>
<!-- Generated by org.testng.reporters.JUnitReportReporter -->
<testsuite hostname="DESKTOP-455KKI0" failures="0" tests="1" name="RahulShettyAcademy.pageObjects.testng" time="5.478" errors="0" timestamp="2024-03-08T13:58:16 EET" skipped="0">
  <testcase classname="RahulShettyAcademy.pageObjects.testng" name="f" time="5.478"/>
</testsuite> <!-- RahulShettyAcademy.pageObjects.testng -->
