<?xml version="1.0" encoding="UTF-8"?>
<!-- Generated by org.testng.reporters.JUnitReportReporter -->
<testsuite hostname="DESKTOP-455KKI0" failures="0" tests="2" name="RahulShettyAcademy.Tests.StandAloneTest" time="25.964" errors="0" timestamp="2024-07-16T07:06:09 EEST" skipped="0">
  <testcase classname="RahulShettyAcademy.Tests.StandAloneTest" name="FirstTest" time="11.261"/>
  <testcase classname="RahulShettyAcademy.Tests.StandAloneTest" name="FirstTest" time="14.703"/>
</testsuite> <!-- RahulShettyAcademy.Tests.StandAloneTest -->
