<?xml version="1.0" encoding="UTF-8"?>
<!-- Generated by org.testng.reporters.JUnitReportReporter -->
<testsuite hostname="DESKTOP-455KKI0" failures="0" tests="2" name="RahulShettyAcademy.pageObjects.StandAloneTest" time="28.307" errors="0" timestamp="2024-03-12T19:55:11 EET" skipped="0">
  <testcase classname="RahulShettyAcademy.pageObjects.StandAloneTest" name="TEST" time="1.443"/>
  <testcase classname="RahulShettyAcademy.pageObjects.StandAloneTest" name="yourTest" time="26.864"/>
</testsuite> <!-- RahulShettyAcademy.pageObjects.StandAloneTest -->
