<?xml version="1.0" encoding="UTF-8"?>
<!-- Generated by org.testng.reporters.JUnitReportReporter -->
<testsuite hostname="DESKTOP-455KKI0" failures="0" tests="1" name="cucumber.TestngTestRunner" time="5.966" errors="0" timestamp="2024-06-10T15:25:14 EEST" skipped="0">
  <testcase classname="cucumber.TestngTestRunner" name="runScenario" time="5.966"/>
</testsuite> <!-- cucumber.TestngTestRunner -->
