<?xml version="1.0" encoding="UTF-8"?>
<!-- Generated by org.testng.reporters.JUnitReportReporter -->
<testsuite hostname="DESKTOP-455KKI0" failures="0" tests="2" name="RahulShettyAcademy.Tests.StandAloneTest" time="27.878" errors="0" timestamp="2024-07-16T07:24:43 EEST" skipped="0">
  <testcase classname="RahulShettyAcademy.Tests.StandAloneTest" name="FirstTest" time="15.415"/>
  <testcase classname="RahulShettyAcademy.Tests.StandAloneTest" name="FirstTest" time="12.463"/>
</testsuite> <!-- RahulShettyAcademy.Tests.StandAloneTest -->
