<?xml version="1.0" encoding="UTF-8"?>
<!-- Generated by org.testng.reporters.JUnitReportReporter -->
<testsuite hostname="DESKTOP-455KKI0" failures="0" tests="2" name="RahulShettyAcademy.Tests.StandAloneTest" time="21.157" errors="0" timestamp="29 May 2024 19:11:43 GMT" skipped="0">
  <testcase classname="RahulShettyAcademy.Tests.StandAloneTest" name="FirstTest" time="11.992"/>
  <testcase classname="RahulShettyAcademy.Tests.StandAloneTest" name="FirstTest" time="9.165"/>
</testsuite> <!-- RahulShettyAcademy.Tests.StandAloneTest -->
