<?xml version="1.0" encoding="UTF-8"?>
<!-- Generated by org.testng.reporters.JUnitReportReporter -->
<testsuite hostname="DESKTOP-455KKI0" failures="0" tests="1" name="cucumber.TestngTestRunner" time="8.911" errors="0" timestamp="10 Jun 2024 12:48:15 GMT" skipped="0">
  <testcase classname="cucumber.TestngTestRunner" name="runScenario" time="8.911"/>
</testsuite> <!-- cucumber.TestngTestRunner -->
